[2024-06-21 17:07:10] User Nikola123: Logged in
[2024-06-21 17:07:15] User Nikola123: logged out
[2024-06-21 17:07:33] User Jovana456: Logged in
[2024-06-21 17:07:39] User Jovana456: logged out
[2024-06-21 18:23:18] User Jovana456: Logged in
[2024-06-21 18:24:39] User Jovana456: Logged in
[2024-06-22 18:56:49] User Jovana456: Logged in
[2024-06-22 18:56:52] User Jovana456: Logged in
[2024-06-22 18:56:57] User Jovana456: logged out
[2024-06-22 18:57:23] User Marko789: Logged in
[2024-06-22 18:57:41] User Marko789: Logged in
[2024-06-22 18:57:43] User Marko789: logged out
[2024-06-22 18:57:47] User Jovana456: Logged in
[2024-06-22 18:57:53] User Jovana456: Logged in
[2024-06-22 18:57:55] User Jovana456: logged out
[2024-06-22 18:58:03] User Nikola123: Logged in
[2024-06-22 18:58:15] User Nikola123: logged out
[2024-06-22 19:01:22] User Nikola123: Logged in
[2024-06-22 19:01:26] User Nikola123: Logged in
[2024-06-22 19:01:29] User Nikola123: logged out
[2024-06-22 19:01:40] User Jovana456: Logged in
[2024-06-22 19:01:50] User Jovana456: Logged in
[2024-06-22 19:01:57] User Jovana456: logged out
[2024-06-22 19:09:18] User Jovana456: Logged in
[2024-06-22 19:10:35] User Jovana456: logged out
[2024-06-22 19:15:06] User Jovana456: Logged in
[2024-06-22 19:15:13] User Jovana456: Logged in
[2024-06-22 19:15:19] User Jovana456: Logged in
[2024-06-22 19:16:09] User Jovana456: viewed country Japan
[2024-06-22 19:16:22] User Jovana456: viewed country Japan
[2024-06-22 19:17:04] User Jovana456: viewed country Serbia
[2024-06-22 19:17:10] User Jovana456: viewed country Japan
[2024-06-22 19:17:18] User Jovana456: viewed country Japan
[2024-06-22 19:17:27] User Jovana456: viewed country Japan
[2024-06-22 19:19:24] User Jovana456: viewed country Japan
[2024-06-22 19:20:29] User Jovana456: viewed country Japan
[2024-06-22 19:23:29] User Jovana456: viewed country Japan
[2024-06-22 19:23:34] User Jovana456: viewed country Japan
[2024-06-22 19:23:42] User Jovana456: viewed country Japan
[2024-06-22 19:23:44] User Jovana456: viewed country Japan
[2024-06-22 19:23:44] User Jovana456: viewed country Japan
[2024-06-22 19:23:45] User Jovana456: viewed country Japan
[2024-06-22 19:23:51] User Jovana456: viewed country Japan
[2024-06-22 19:24:00] User Jovana456: viewed country Japan
[2024-06-22 19:26:14] User Jovana456: viewed country Japan
[2024-06-22 19:26:38] User Jovana456: viewed country Sebia
[2024-06-22 19:26:42] User Jovana456: viewed country Seebia
[2024-06-22 19:26:47] User Jovana456: viewed country Serbia
[2024-06-22 19:27:30] User Jovana456: viewed country Japan
[2024-06-22 19:27:48] User Jovana456: viewed country Serbia
[2024-06-22 19:28:12] User Jovana456: viewed country Japan
[2024-06-22 19:28:35] User Jovana456: viewed country Serbia
[2024-06-22 19:30:02] User Jovana456: viewed country Japan
[2024-06-22 19:30:24] User Jovana456: viewed country Serbia
[2024-06-22 19:31:18] User Jovana456: viewed country Japan
[2024-06-22 19:31:34] User Jovana456: viewed country Serbia
[2024-06-22 19:38:48] User Jovana456: viewed country Japan
[2024-06-22 19:39:04] User Jovana456: viewed country Serbia
[2024-06-22 19:44:29] User Jovana456: viewed country Japan
[2024-06-22 19:44:39] User Jovana456: viewed country Japan
[2024-06-22 19:46:56] User Jovana456: viewed country Serbia
[2024-06-22 19:47:04] User Jovana456: viewed country Japan
[2024-06-22 19:48:23] User Jovana456: viewed country Japan
[2024-06-22 19:48:29] User Jovana456: viewed country Japan
[2024-06-22 19:49:30] User Jovana456: inserted country Greece,GRE,Athens,10302720
[2024-06-22 19:49:33] User Jovana456: viewed country Greece
[2024-06-22 19:49:38] User Jovana456: viewed country Greece
[2024-06-22 19:51:31] User Jovana456: viewed country Serbia
[2024-06-22 19:56:10] User Jovana456: viewed country Japan
[2024-06-22 19:56:12] User Jovana456: Inserted country Japan,JPN,Tokyo,125720000
[2024-06-22 19:58:17] User Jovana456: viewed country Japan
[2024-06-22 19:58:29] User Jovana456: Inserted country Greece,GRE,Athens,6700000
[2024-06-22 19:58:57] User Jovana456: viewed country Greece
[2024-06-22 19:59:01] User Jovana456: viewed country Serbia
[2024-06-22 19:59:22] User Jovana456: Inserted country Greece,GRE,Athens,10570000
[2024-06-22 19:59:48] User Jovana456: viewed country Serbia
[2024-06-22 20:00:00] User Jovana456: Inserted country Greece,GRE,Athens,10570000
[2024-06-22 20:02:16] User Jovana456: viewed country Serbia
[2024-06-22 20:02:34] User Jovana456: Inserted country Greece,GRE,Athens,10570000
[2024-06-22 20:02:45] User Jovana456: viewed country Greece
[2024-06-22 20:03:53] User Jovana456: viewed country Serbia
[2024-06-22 20:04:07] User Jovana456: Inserted country Spain,SPA,Madrid,47473373
[2024-06-22 20:04:10] User Jovana456: viewed country Spain
[2024-06-22 20:05:33] User Jovana456: viewed country Spain
[2024-06-22 20:05:40] User Jovana456: Updated country Spain,SPA,Madrid,47473374
[2024-06-22 20:05:44] User Jovana456: viewed country Spain
[2024-06-22 20:05:56] User Jovana456: Updated country Spain,SDA,Madrid,47473374
[2024-06-22 20:05:59] User Jovana456: viewed country Spaon
[2024-06-22 20:06:06] User Jovana456: viewed country Spain
[2024-06-22 20:06:15] User Jovana456: Updated country Spain,SDA,Madrid,47473374
[2024-06-22 20:06:18] User Jovana456: viewed country Spain
[2024-06-22 20:06:52] User Jovana456: Updated country Spain,SPA,Bralonea,47473374
[2024-06-22 20:06:57] User Jovana456: viewed country Spain
[2024-06-22 20:07:09] User Jovana456: Updated country Spain,SPA,Madird,47473373
[2024-06-22 20:07:13] User Jovana456: viewed country Spain
[2024-06-22 20:07:19] User Jovana456: Updated country Spain,SPA,Madrid,47473373
[2024-06-22 20:07:23] User Jovana456: viewed country Spain
[2024-06-22 20:07:43] User Jovana456: logged out
[2024-06-22 20:08:02] User Marko789: Logged in
[2024-06-22 20:08:07] User Marko789: viewed country Spain
[2024-06-22 20:08:30] User Marko789: viewed country Spain
[2024-06-22 20:08:33] User Marko789: deleted country Spain,SPA,Madrid,47473373
[2024-06-22 20:08:36] User Marko789: viewed country Spain
[2024-06-22 20:09:27] User Marko789: viewed country Spain
[2024-06-22 20:09:32] User Marko789: viewed country Serbia
[2024-06-22 20:09:46] User Marko789: Updated country Geaea,SRB,Belgrade,6700000
[2024-06-22 20:09:49] User Marko789: viewed country Serbia
[2024-06-22 20:10:07] User Marko789: viewed country Geaea
[2024-06-22 20:10:10] User Marko789: deleted country Geaea,SRB,Belgrade,6700000
[2024-06-22 20:10:18] User Marko789: viewed country Greece
[2024-06-22 20:10:29] User Marko789: Inserted country Serbia,SRB,Belgrade,6700000
[2024-06-22 20:10:32] User Marko789: viewed country Serbia
[2024-06-22 20:10:51] User Marko789: updated Nikola123 to manager
[2024-06-22 20:10:56] User Marko789: exported userdata
[2024-06-22 20:11:16] User Marko789: logged out
[2024-06-22 20:11:26] User Nikola123: Logged in
[2024-06-22 20:11:32] User Nikola123: viewed country Serba
[2024-06-22 20:11:37] User Nikola123: viewed country Serbia
[2024-06-22 20:11:40] User Nikola123: logged out
[2024-06-22 20:15:35] User Jovan223: Logged in
[2024-06-22 20:15:40] User Jovan223: Logged in
[2024-06-22 20:20:25] User Jovan223: Logged in
[2024-06-22 20:20:26] User Jovan223: Logged in
[2024-06-22 20:20:38] User Jovan223: Logged in
[2024-06-22 20:20:39] User Jovan223: Logged in
[2024-06-22 20:20:41] User Jovan223: logged out
[2024-06-22 20:25:51] User Nikola123: Logged in
[2024-06-22 20:29:51] User Nikola123: Logged in
[2024-06-22 20:30:22] User Nikola123: Logged in
[2024-06-22 20:30:34] User Nikola123: Logged in
[2024-06-22 20:30:34] User Nikola123: Logged in
[2024-06-22 20:30:44] User Nikola1234: Changed his data to Nikola1234, Nikola@example.com and password123
[2024-06-22 20:32:37] User Nikola1234: Viewed country Serbia
[2024-06-22 20:32:43] User Nikola1234: logged out
[2024-06-22 20:33:07] User Jovan223: Logged in
[2024-06-22 20:34:12] User Jovan223: Viewed country Japan
[2024-06-22 20:34:17] User Jovan223: logged out
[2024-06-22 20:34:57] User Marko789: Logged in
[2024-06-22 20:35:07] User Marko789: Updated Nikola123 to user
[2024-06-22 20:35:25] User Marko789: Viewed country Serbia
[2024-06-22 20:35:43] User Marko789: Viewed country Japan
[2024-06-22 20:35:55] User Marko789: Inserted country Serbia,SRB,Belgrade,6700000
[2024-06-22 20:35:59] User Marko789: Viewed country Serbia
[2024-06-22 20:36:03] User Marko789: Updated country Serbia,SRB,Belgrade,6700000
[2024-06-22 20:36:10] User Marko789: Viewed country Serbia
[2024-06-22 20:36:15] User Marko789: Updated country Serbia,SRB,Belgrade,6700001
[2024-06-22 20:36:18] User Marko789: Viewed country Serbia
[2024-06-22 20:36:22] User Marko789: Updated country Serbia,SRB,Belgrade,6700000
[2024-06-22 20:36:27] User Marko789: Viewed country United States
[2024-06-22 20:36:52] User Marko789: Inserted country Greece,GRE,Athens,10570000
[2024-06-22 20:36:55] User Marko789: Viewed country Greece
[2024-06-22 20:36:57] User Marko789: Deleted country Greece,GRE,Athens,10570000
[2024-06-22 20:37:03] User Marko789: logged out
[2024-06-22 20:37:12] User Marko789: Logged in
[2024-06-22 20:37:25] User Marko789: Changed his data to Marko789, admin@example.com and admin789
[2024-06-22 20:37:27] User Marko789: logged out
[2024-06-22 20:37:56] User Marko789: Logged in
[2024-06-22 20:42:58] User Marko789: logged out
[2024-06-22 20:48:09] User Jovana456: Logged in
[2024-06-22 20:48:14] User Jovana456: Viewed country Serbia
[2024-06-22 20:48:16] User Jovana456: Inserted country Serbia,SRB,Belgrade,6700000
[2024-06-22 20:48:24] User Jovana456: Viewed country Serbia
[2024-06-22 20:48:31] User Jovana456: Viewed country Serbia
[2024-06-22 20:48:42] User Jovana456: Inserted country Greece,GRE,Athens,10570000
[2024-06-22 20:48:45] User Jovana456: Viewed country Greece
[2024-06-22 20:53:40] User Jovana456: Viewed country Serbia
[2024-06-22 20:53:47] User Jovana456: Viewed country Serbia
[2024-06-22 20:53:57] User Jovana456: Inserted country SerbiaS,SRE,Belgrade,6700000
[2024-06-22 20:54:15] User Jovana456: Viewed country Serbia
[2024-06-22 20:54:21] User Jovana456: Inserted country Sersbia,SRE,Belgrade,6700000
[2024-06-22 20:55:35] User Jovana456: Viewed country Serbia
[2024-06-22 20:55:36] User Jovana456: Inserted country Serbia,SRB,Belgrade,6700000
[2024-06-22 20:55:48] User Jovana456: Viewed country Serbia
[2024-06-22 20:55:54] User Jovana456: Inserted country Serbiae,SRE,Belgrade,6700000
[2024-06-22 20:56:15] User Jovana456: Viewed country Serbia
[2024-06-22 20:56:16] User Jovana456: Inserted country Serbia,SRB,Belgrade,6700000
[2024-06-22 20:57:55] User Jovana456: Viewed country Serbia
[2024-06-22 20:58:31] User Jovana456: Viewed country Serbia
[2024-06-22 20:59:04] User Jovana456: Viewed country Serbia
[2024-06-22 20:59:05] User Jovana456: Inserted country Serbia,SRB,Belgrade,6700000
[2024-06-22 21:02:51] User Jovana456: Viewed country Serbia
[2024-06-22 21:02:53] User Jovana456: Inserted country Serbia,SRB,Belgrade,6700000
[2024-06-22 21:06:31] User Jovana456: Viewed country Serbia
[2024-06-22 21:06:37] User Jovana456: Viewed country Serbia
[2024-06-22 21:06:43] User Jovana456: Inserted country Serbiaa,SRR,Belgrade,6700000
[2024-06-22 21:06:54] User Jovana456: logged out
[2024-06-22 21:07:03] User Marko789: Logged in
[2024-06-22 21:07:11] User Marko789: Viewed country Serbiae
[2024-06-22 21:07:14] User Marko789: Deleted country Serbiae,SRE,Belgrade,6700000
[2024-06-22 21:07:21] User Marko789: Viewed country Serbiaa
[2024-06-22 21:07:22] User Marko789: Deleted country Serbiaa,SRR,Belgrade,6700000
[2024-06-22 21:10:03] User Marko789: logged out
[2024-06-22 21:10:06] User Jovana456: Logged in
[2024-06-22 21:10:12] User Jovana456: Viewed country Serbia
[2024-06-22 21:10:16] User Jovana456: logged out
[2024-06-22 21:10:24] User Nikola123: Logged in
[2024-06-22 21:10:27] User Nikola123: Viewed country Serbia
[2024-06-22 21:10:30] User Nikola123: logged out
[2024-06-22 21:21:15] User Stojan: Viewed country Serbia
[2024-06-22 21:21:19] User Stojan: logged out
[2024-06-22 21:23:24] User Nikola123: Logged in
[2024-06-22 21:23:32] User Nikola123: logged out
[2024-06-22 21:23:56] User Marko789: Logged in
[2024-06-22 21:24:08] User Marko789: logged out
[2024-06-24 09:05:37] User Marko789: Logged in
[2024-06-24 09:05:53] User Marko789: Exported userdata
